#0 building with "orbstack" instance using docker driver

#1 [internal] load build definition from dockerfile
#1 transferring dockerfile: 191B done
#1 DONE 0.0s

#2 [internal] load metadata for docker.io/continuumio/miniconda3:latest
#2 DONE 0.8s

#3 [internal] load .dockerignore
#3 transferring context: 2B done
#3 DONE 0.0s

#4 [1/5] FROM docker.io/continuumio/miniconda3:latest@sha256:4a2425c3ca891633e5a27280120f3fb6d5960a0f509b7594632cdd5bb8cbaea8
#4 DONE 0.0s

#5 [internal] load build context
#5 transferring context: 25B done
#5 DONE 0.0s

#6 [4/5] RUN chmod +x 1.sh
#6 CACHED

#7 [3/5] COPY 1.sh .
#7 CACHED

#8 [2/5] WORKDIR /app
#8 CACHED

#9 [5/5] RUN conda install -y python=3.10 mlflow boto3 pymysql
#9 CACHED

#10 exporting to image
#10 exporting layers done
#10 writing image sha256:a39f56d953b5200337246b119471f4c85f07440676bb91697806b1b9b1bf202c done
#10 naming to docker.io/library/netology-ml:netology-ml done
#10 DONE 0.0s

View build details: docker-desktop://dashboard/build/orbstack/orbstack/kub8y4icr8ucauhncjl058ywe
